config: {"arms":["LEM","B","A"],"turns":1500,"seeds":[1,2,3,4,5],"trigger":401,"concurrency":8,"label":""}
purity probe clean (harness prefix ~49 tok)
[2026-07-02T23:08:51.089Z] [LEM-s1-t1500] resumed at turn 550
[2026-07-02T23:08:51.098Z] [LEM-s2-t1500] resumed at turn 450
[2026-07-02T23:08:51.103Z] [LEM-s3-t1500] resumed at turn 450
[2026-07-02T23:08:51.108Z] [LEM-s4-t1500] resumed at turn 400
[2026-07-02T23:08:51.112Z] [LEM-s5-t1500] resumed at turn 350
[2026-07-02T23:08:51.123Z] [B-s1-t1500] resumed at turn 1500
[2026-07-02T23:08:51.126Z] [B-s1-t1500] DONE score=1807
[2026-07-02T23:08:51.136Z] [B-s2-t1500] resumed at turn 1500
[2026-07-02T23:08:51.138Z] [B-s2-t1500] DONE score=2677
[2026-07-02T23:08:51.146Z] [B-s3-t1500] resumed at turn 1500
[2026-07-02T23:08:51.148Z] [B-s3-t1500] DONE score=-1707
[2026-07-02T23:08:51.155Z] [B-s4-t1500] resumed at turn 300
[2026-07-02T23:08:51.161Z] [B-s5-t1500] resumed at turn 300
[2026-07-02T23:08:51.166Z] [A-s1-t1500] resumed at turn 300
[2026-07-02T23:12:36.313Z] [A-s1-t1500] turn 400/1500 nw=2298.98 watchers=0
[2026-07-02T23:13:19.067Z] [B-s4-t1500] turn 400/1500 nw=2203.58 watchers=0
[2026-07-02T23:13:29.351Z] [B-s5-t1500] turn 400/1500 nw=1709.92 watchers=0
[keeper] refreshing oauth token
[2026-07-02T23:16:13.140Z] [A-s1-t1500] turn 500/1500 nw=2122.8 watchers=4
[2026-07-02T23:17:45.349Z] [B-s4-t1500] turn 500/1500 nw=2137.67 watchers=4
[2026-07-02T23:17:55.128Z] [B-s5-t1500] turn 500/1500 nw=1500.01 watchers=4
[2026-07-02T23:18:08.846Z] [LEM-s3-t1500] turn 500/1500 nw=2569.4 watchers=4
[2026-07-02T23:18:37.439Z] [LEM-s1-t1500] turn 600/1500 nw=3057.6 watchers=0
[2026-07-02T23:18:38.605Z] [LEM-s2-t1500] turn 500/1500 nw=2897.84 watchers=0
[2026-07-02T23:19:51.349Z] [A-s1-t1500] turn 600/1500 nw=1804.58 watchers=4
[2026-07-02T23:21:00.715Z] [LEM-s5-t1500] turn 400/1500 nw=3151.59 watchers=0
[2026-07-02T23:22:05.364Z] [B-s4-t1500] turn 600/1500 nw=2137.67 watchers=4
[2026-07-02T23:22:30.373Z] [B-s5-t1500] turn 600/1500 nw=955.35 watchers=0
[2026-07-02T23:23:26.400Z] [A-s1-t1500] turn 700/1500 nw=1477.94 watchers=0
[2026-07-02T23:26:22.882Z] [B-s4-t1500] turn 700/1500 nw=2137.67 watchers=4
[2026-07-02T23:26:54.232Z] [B-s5-t1500] turn 700/1500 nw=253.25 watchers=4
[2026-07-02T23:27:17.718Z] [A-s1-t1500] turn 800/1500 nw=1261.25 watchers=0
[2026-07-02T23:30:29.496Z] [B-s4-t1500] turn 800/1500 nw=2137.67 watchers=4
[2026-07-02T23:31:03.924Z] [A-s1-t1500] turn 900/1500 nw=982.94 watchers=0
[2026-07-02T23:31:06.944Z] [B-s5-t1500] turn 800/1500 nw=215.73 watchers=0
[2026-07-02T23:31:36.949Z] [LEM-s3-t1500] turn 600/1500 nw=2565.65 watchers=4
[2026-07-02T23:32:27.335Z] [LEM-s2-t1500] turn 600/1500 nw=2896.58 watchers=4
[2026-07-02T23:34:37.788Z] [A-s1-t1500] turn 1000/1500 nw=606.28 watchers=4
[2026-07-02T23:34:47.312Z] [B-s4-t1500] turn 900/1500 nw=2137.67 watchers=4
[2026-07-02T23:35:18.743Z] [B-s5-t1500] turn 900/1500 nw=215.73 watchers=0
[2026-07-02T23:36:41.017Z] [LEM-s1-t1500] turn 700/1500 nw=2951.91 watchers=0
[2026-07-02T23:37:20.439Z] [LEM-s4-t1500] turn 500/1500 nw=2851.7 watchers=0
[2026-07-02T23:38:13.027Z] [A-s1-t1500] turn 1100/1500 nw=321.4 watchers=0
[2026-07-02T23:39:02.049Z] [B-s4-t1500] turn 1000/1500 nw=2137.67 watchers=4
[2026-07-02T23:39:21.869Z] [B-s5-t1500] turn 1000/1500 nw=207.49 watchers=0
[2026-07-02T23:41:26.148Z] [LEM-s2-t1500] turn 700/1500 nw=2896.58 watchers=4
[2026-07-02T23:41:42.463Z] [A-s1-t1500] turn 1200/1500 nw=274 watchers=0
[2026-07-02T23:43:11.230Z] [B-s5-t1500] turn 1100/1500 nw=207.49 watchers=0
[2026-07-02T23:43:32.163Z] [B-s4-t1500] turn 1100/1500 nw=2137.67 watchers=4
[2026-07-02T23:44:07.560Z] [LEM-s3-t1500] turn 700/1500 nw=2547.27 watchers=4
[2026-07-02T23:44:53.034Z] [LEM-s5-t1500] turn 500/1500 nw=3122.45 watchers=4
[2026-07-02T23:45:03.378Z] [A-s1-t1500] turn 1300/1500 nw=207.21 watchers=0
[2026-07-02T23:47:01.790Z] [B-s5-t1500] turn 1200/1500 nw=207.49 watchers=0
[2026-07-02T23:47:53.144Z] [B-s4-t1500] turn 1200/1500 nw=2137.67 watchers=4
[2026-07-02T23:48:34.073Z] [A-s1-t1500] turn 1400/1500 nw=114.27 watchers=0
[2026-07-02T23:49:37.568Z] [LEM-s2-t1500] turn 800/1500 nw=2896.58 watchers=4
[2026-07-02T23:50:52.737Z] [B-s5-t1500] turn 1300/1500 nw=207.49 watchers=0
[2026-07-02T23:51:52.642Z] [A-s1-t1500] turn 1500/1500 nw=48.12 watchers=4
[2026-07-02T23:51:52.645Z] [A-s1-t1500] DONE score=-1722
[2026-07-02T23:52:02.984Z] [B-s4-t1500] turn 1300/1500 nw=2137.67 watchers=4
[2026-07-02T23:53:01.557Z] [LEM-s3-t1500] turn 800/1500 nw=2547.27 watchers=4
[2026-07-02T23:54:09.207Z] [LEM-s4-t1500] turn 600/1500 nw=2848.86 watchers=0
[2026-07-02T23:54:20.003Z] [LEM-s1-t1500] turn 800/1500 nw=2873.83 watchers=0
[2026-07-02T23:54:55.906Z] [B-s5-t1500] turn 1400/1500 nw=207.49 watchers=0
[2026-07-02T23:55:26.407Z] [A-s2-t1500] turn 100/1500 nw=2692.37 watchers=0
[2026-07-02T23:56:22.875Z] [B-s4-t1500] turn 1400/1500 nw=2137.67 watchers=4
[2026-07-02T23:56:49.033Z] [LEM-s2-t1500] turn 900/1500 nw=2896.58 watchers=4
