config: {"arms":["LEM","B","A"],"turns":1500,"seeds":[1,2,3,4,5],"trigger":401,"concurrency":6,"label":""}
purity probe clean (harness prefix ~49 tok)
[2026-07-03T18:21:28.524Z] [LEM-s2-t1500] resumed at turn 1500
[2026-07-03T18:21:28.531Z] [LEM-s2-t1500] DONE score=2767
[2026-07-03T18:21:28.541Z] [LEM-s3-t1500] resumed at turn 1300
[2026-07-03T18:21:28.552Z] [LEM-s4-t1500] resumed at turn 1050
[2026-07-03T18:21:28.564Z] [LEM-s5-t1500] resumed at turn 1000
[2026-07-03T18:21:28.594Z] [B-s1-t1500] resumed at turn 1500
[2026-07-03T18:21:28.597Z] [B-s1-t1500] DONE score=1807
[2026-07-03T18:21:28.623Z] [B-s2-t1500] resumed at turn 1500
[2026-07-03T18:21:28.627Z] [B-s2-t1500] DONE score=2677
[2026-07-03T18:21:28.656Z] [B-s3-t1500] resumed at turn 1500
[2026-07-03T18:21:28.671Z] [B-s3-t1500] DONE score=-1707
[2026-07-03T18:25:56.695Z] [B-s4-t1500] turn 100/1500 nw=3081.68 watchers=0
[2026-07-03T18:26:29.981Z] [B-s5-t1500] turn 100/1500 nw=3184.06 watchers=0
[2026-07-03T18:27:45.045Z] [LEM-s4-t1500] turn 1100/1500 nw=2676.7 watchers=0
[2026-07-03T18:30:32.697Z] [B-s4-t1500] turn 200/1500 nw=3069.35 watchers=0
[2026-07-03T18:31:15.908Z] [B-s5-t1500] turn 200/1500 nw=2991.82 watchers=0
[2026-07-03T18:34:41.731Z] [LEM-s1-t1500] turn 100/1500 nw=2953.22 watchers=0
[2026-07-03T18:34:54.020Z] [B-s4-t1500] turn 300/1500 nw=3069.35 watchers=0
[2026-07-03T18:35:42.224Z] [B-s5-t1500] turn 300/1500 nw=2836.7 watchers=0
[2026-07-03T18:38:57.102Z] [LEM-s5-t1500] turn 1100/1500 nw=3059.13 watchers=0
[2026-07-03T18:39:40.028Z] [B-s4-t1500] turn 400/1500 nw=3069.35 watchers=0
[2026-07-03T18:40:20.325Z] [B-s5-t1500] turn 400/1500 nw=2773.64 watchers=0
[2026-07-03T18:42:26.309Z] [LEM-s4-t1500] turn 1200/1500 nw=2676.7 watchers=0
[2026-07-03T18:43:06.505Z] [LEM-s3-t1500] turn 1400/1500 nw=2229.85 watchers=4
[2026-07-03T18:44:16.541Z] [B-s4-t1500] turn 500/1500 nw=3069.35 watchers=4
[2026-07-03T18:44:50.057Z] [B-s5-t1500] turn 500/1500 nw=2697.94 watchers=0
[2026-07-03T18:48:43.000Z] [B-s4-t1500] turn 600/1500 nw=3069.35 watchers=4
[2026-07-03T18:48:59.736Z] [LEM-s5-t1500] turn 1200/1500 nw=3059.13 watchers=0
[2026-07-03T18:49:00.621Z] [B-s5-t1500] turn 600/1500 nw=2618.93 watchers=0
[2026-07-03T18:50:24.230Z] [LEM-s1-t1500] turn 200/1500 nw=2740.39 watchers=0
[2026-07-03T18:53:40.989Z] [B-s5-t1500] turn 700/1500 nw=2560.35 watchers=4
[2026-07-03T18:54:06.709Z] [B-s4-t1500] turn 700/1500 nw=3069.35 watchers=4
[2026-07-03T18:55:40.344Z] [LEM-s4-t1500] turn 1300/1500 nw=2573.5 watchers=0
[2026-07-03T18:56:49.403Z] [LEM-s5-t1500] turn 1300/1500 nw=3059.13 watchers=0
[2026-07-03T18:57:47.829Z] [B-s5-t1500] turn 800/1500 nw=2560.35 watchers=4
[2026-07-03T18:59:16.425Z] [B-s4-t1500] turn 800/1500 nw=3069.35 watchers=4
[2026-07-03T19:01:57.139Z] [B-s5-t1500] turn 900/1500 nw=2560.35 watchers=4
[2026-07-03T19:03:24.936Z] [LEM-s5-t1500] turn 1400/1500 nw=3059.13 watchers=0
[2026-07-03T19:04:01.859Z] [B-s4-t1500] turn 900/1500 nw=3069.35 watchers=4
[2026-07-03T19:04:22.334Z] [LEM-s1-t1500] turn 300/1500 nw=2394.08 watchers=0
[2026-07-03T19:04:50.732Z] [LEM-s3-t1500] turn 1500/1500 nw=2142.52 watchers=4
[2026-07-03T19:04:50.734Z] [LEM-s3-t1500] DONE score=1512
[2026-07-03T19:06:14.385Z] [B-s5-t1500] turn 1000/1500 nw=2560.35 watchers=4
[2026-07-03T19:08:35.592Z] [A-s1-t1500] turn 100/1500 nw=3207.24 watchers=0
[2026-07-03T19:08:42.596Z] [B-s4-t1500] turn 1000/1500 nw=3069.35 watchers=4
[2026-07-03T19:09:42.887Z] [LEM-s4-t1500] turn 1400/1500 nw=2240.56 watchers=0
[2026-07-03T19:10:02.657Z] [LEM-s5-t1500] turn 1500/1500 nw=3059.13 watchers=0
[2026-07-03T19:10:02.659Z] [LEM-s5-t1500] DONE score=2728
[2026-07-03T19:10:02.664Z] [A-s2-t1500] resumed at turn 1500
[2026-07-03T19:10:02.666Z] [A-s2-t1500] DONE score=-1524
[2026-07-03T19:10:02.670Z] [A-s3-t1500] resumed at turn 1500
[2026-07-03T19:10:02.672Z] [A-s3-t1500] DONE score=-1514
[2026-07-03T19:10:02.677Z] [A-s4-t1500] resumed at turn 1500
[2026-07-03T19:10:02.679Z] [A-s4-t1500] DONE score=-1776
[2026-07-03T19:10:02.684Z] [A-s5-t1500] resumed at turn 1350
[2026-07-03T19:10:38.539Z] [B-s5-t1500] turn 1100/1500 nw=2535.86 watchers=4
[2026-07-03T19:11:55.641Z] [A-s5-t1500] turn 1400/1500 nw=64.15 watchers=4
[2026-07-03T19:12:20.574Z] [A-s1-t1500] turn 200/1500 nw=3042.4 watchers=0
[2026-07-03T19:12:57.997Z] [B-s4-t1500] turn 1100/1500 nw=3069.35 watchers=4
[2026-07-03T19:14:56.908Z] [B-s5-t1500] turn 1200/1500 nw=2535.86 watchers=4
[2026-07-03T19:15:28.844Z] [A-s5-t1500] turn 1500/1500 nw=39.88 watchers=4
[2026-07-03T19:15:28.846Z] [A-s5-t1500] DONE score=-1782
[2026-07-03T19:16:04.329Z] [A-s1-t1500] turn 300/1500 nw=2843.89 watchers=0
[2026-07-03T19:17:28.540Z] [B-s4-t1500] turn 1200/1500 nw=3069.35 watchers=4
[2026-07-03T19:17:46.602Z] [LEM-s1-t1500] turn 400/1500 nw=2278.49 watchers=0
[2026-07-03T19:19:13.440Z] [B-s5-t1500] turn 1300/1500 nw=2535.86 watchers=4
[2026-07-03T19:19:45.928Z] [A-s1-t1500] turn 400/1500 nw=2643.99 watchers=0
[2026-07-03T19:21:57.929Z] [B-s4-t1500] turn 1300/1500 nw=3069.35 watchers=4
[2026-07-03T19:23:23.201Z] [B-s5-t1500] turn 1400/1500 nw=2535.86 watchers=4
[2026-07-03T19:23:39.770Z] [A-s1-t1500] turn 500/1500 nw=2399.66 watchers=4
[2026-07-03T19:26:47.221Z] [B-s4-t1500] turn 1400/1500 nw=3069.35 watchers=4
[2026-07-03T19:27:18.407Z] [A-s1-t1500] turn 600/1500 nw=2167.24 watchers=4
[2026-07-03T19:27:40.643Z] [B-s5-t1500] turn 1500/1500 nw=2491.84 watchers=4
[2026-07-03T19:27:40.645Z] [B-s5-t1500] DONE score=1827
[2026-07-03T19:28:06.066Z] [LEM-s4-t1500] turn 1500/1500 nw=1958.2 watchers=4
[2026-07-03T19:28:06.067Z] [LEM-s4-t1500] DONE score=1115
[2026-07-03T19:31:02.275Z] [A-s1-t1500] turn 700/1500 nw=1809.13 watchers=4
[2026-07-03T19:31:25.551Z] [B-s4-t1500] turn 1500/1500 nw=3069.35 watchers=4
[2026-07-03T19:31:25.555Z] [B-s4-t1500] DONE score=2772
[2026-07-03T19:34:48.034Z] [A-s1-t1500] turn 800/1500 nw=1325.82 watchers=4
[2026-07-03T19:35:54.130Z] [LEM-s1-t1500] turn 500/1500 nw=2072.37 watchers=4
[2026-07-03T19:38:53.845Z] [A-s1-t1500] turn 900/1500 nw=1063.5 watchers=4
[2026-07-03T19:42:36.672Z] [A-s1-t1500] turn 1000/1500 nw=821.11 watchers=4
[2026-07-03T19:46:18.749Z] [A-s1-t1500] turn 1100/1500 nw=522.96 watchers=4
[2026-07-03T19:49:57.912Z] [A-s1-t1500] turn 1200/1500 nw=338.37 watchers=4
[2026-07-03T19:52:30.385Z] [LEM-s1-t1500] turn 600/1500 nw=2092.26 watchers=4
[2026-07-03T19:53:49.623Z] [A-s1-t1500] turn 1300/1500 nw=135.68 watchers=4
[2026-07-03T19:57:33.468Z] [A-s1-t1500] turn 1400/1500 nw=66.72 watchers=4
[2026-07-03T20:01:05.405Z] [A-s1-t1500] turn 1500/1500 nw=34.47 watchers=4
[2026-07-03T20:01:05.406Z] [A-s1-t1500] DONE score=-1833
[2026-07-03T20:12:36.254Z] [LEM-s1-t1500] turn 700/1500 nw=2090.95 watchers=4
[2026-07-03T20:27:47.801Z] [LEM-s1-t1500] turn 800/1500 nw=2032.49 watchers=4
[2026-07-03T20:44:52.152Z] [LEM-s1-t1500] turn 900/1500 nw=1867.68 watchers=4
[2026-07-03T20:58:58.391Z] [LEM-s1-t1500] turn 1000/1500 nw=1733.16 watchers=4
[2026-07-03T21:15:44.770Z] [LEM-s1-t1500] turn 1100/1500 nw=1663.24 watchers=4
[2026-07-03T23:21:38.382Z] [LEM-s1-t1500] turn 1200/1500 nw=1663.24 watchers=4
[2026-07-03T23:29:34.480Z] [LEM-s1-t1500] turn 1300/1500 nw=1663.24 watchers=4
[2026-07-03T23:34:59.171Z] [LEM-s1-t1500] turn 1400/1500 nw=1663.24 watchers=4
[2026-07-03T23:50:57.069Z] [LEM-s1-t1500] turn 1500/1500 nw=1663.24 watchers=4
[2026-07-03T23:50:57.071Z] [LEM-s1-t1500] DONE score=562

=== BATTERY COMPLETE ===
LEM-s2-t1500: score=2767 nw=2897 dd=260
B-s1-t1500: score=1807 nw=2536 dd=1457
B-s2-t1500: score=2677 nw=2963 dd=572
B-s3-t1500: score=-1707 nw=26 dd=3465
LEM-s3-t1500: score=1512 nw=2143 dd=1260
LEM-s5-t1500: score=2728 nw=3059 dd=663
A-s2-t1500: score=-1524 nw=37 dd=3122
A-s3-t1500: score=-1514 nw=41 dd=3110
A-s4-t1500: score=-1776 nw=35 dd=3623
A-s5-t1500: score=-1782 nw=40 dd=3644
B-s5-t1500: score=1827 nw=2492 dd=1329
LEM-s4-t1500: score=1115 nw=1958 dd=1687
B-s4-t1500: score=2772 nw=3069 dd=594
A-s1-t1500: score=-1833 nw=34 dd=3735
LEM-s1-t1500: score=562 nw=1663 dd=2203
