config: {"arms":["LEM","B","A"],"turns":10000,"seeds":[101],"trigger":2001,"concurrency":3,"label":""}
purity probe clean (harness prefix ~49 tok)
[2026-07-02T23:08:52.217Z] [LEM-s101-t10000] resumed at turn 400
[2026-07-02T23:08:52.234Z] [B-s101-t10000] resumed at turn 1750
[2026-07-02T23:08:52.246Z] [A-s101-t10000] resumed at turn 2200
[2026-07-02T23:11:13.774Z] [B-s101-t10000] turn 1800/10000 nw=214.57 watchers=0
[2026-07-02T23:12:06.503Z] [A-s101-t10000] turn 2300/10000 nw=21.08 watchers=4
[keeper] refreshing oauth token
[2026-07-02T23:15:29.540Z] [A-s101-t10000] turn 2400/10000 nw=21.08 watchers=4
[2026-07-02T23:15:46.677Z] [B-s101-t10000] turn 1900/10000 nw=168.27 watchers=0
[2026-07-02T23:18:45.326Z] [A-s101-t10000] turn 2500/10000 nw=21.08 watchers=4
[2026-07-02T23:20:19.896Z] [B-s101-t10000] turn 2000/10000 nw=143.98 watchers=0
[2026-07-02T23:21:58.384Z] [A-s101-t10000] turn 2600/10000 nw=21.08 watchers=4
[2026-07-02T23:24:41.201Z] [B-s101-t10000] turn 2100/10000 nw=169.01 watchers=4
[2026-07-02T23:25:08.374Z] [A-s101-t10000] turn 2700/10000 nw=18.95 watchers=4
[2026-07-02T23:28:00.511Z] [LEM-s101-t10000] turn 500/10000 nw=2784 watchers=0
[2026-07-02T23:28:26.019Z] [A-s101-t10000] turn 2800/10000 nw=18.95 watchers=4
[2026-07-02T23:28:53.047Z] [B-s101-t10000] turn 2200/10000 nw=162.99 watchers=4
[2026-07-02T23:31:42.078Z] [A-s101-t10000] turn 2900/10000 nw=18.95 watchers=4
[2026-07-02T23:33:07.446Z] [B-s101-t10000] turn 2300/10000 nw=163.99 watchers=4
[2026-07-02T23:34:57.847Z] [A-s101-t10000] turn 3000/10000 nw=17.48 watchers=4
[2026-07-02T23:37:22.672Z] [B-s101-t10000] turn 2400/10000 nw=169.8 watchers=4
[2026-07-02T23:38:05.620Z] [A-s101-t10000] turn 3100/10000 nw=17.48 watchers=4
[2026-07-02T23:41:32.174Z] [A-s101-t10000] turn 3200/10000 nw=17.48 watchers=4
[2026-07-02T23:42:04.033Z] [B-s101-t10000] turn 2500/10000 nw=171.76 watchers=4
[2026-07-02T23:44:57.717Z] [A-s101-t10000] turn 3300/10000 nw=17.48 watchers=4
[2026-07-02T23:46:24.557Z] [LEM-s101-t10000] turn 600/10000 nw=2777.98 watchers=0
[2026-07-02T23:46:32.576Z] [B-s101-t10000] turn 2600/10000 nw=163.89 watchers=4
[2026-07-02T23:48:17.986Z] [A-s101-t10000] turn 3400/10000 nw=17.48 watchers=4
[2026-07-02T23:50:45.919Z] [B-s101-t10000] turn 2700/10000 nw=161.91 watchers=4
[2026-07-02T23:51:33.417Z] [A-s101-t10000] turn 3500/10000 nw=17.48 watchers=4
[2026-07-02T23:54:46.766Z] [A-s101-t10000] turn 3600/10000 nw=17.48 watchers=4
[2026-07-02T23:55:04.120Z] [B-s101-t10000] turn 2800/10000 nw=172.48 watchers=4
[2026-07-02T23:57:59.410Z] [A-s101-t10000] turn 3700/10000 nw=17.48 watchers=4
[2026-07-02T23:59:25.172Z] [B-s101-t10000] turn 2900/10000 nw=170.79 watchers=4
[2026-07-03T00:01:13.428Z] [A-s101-t10000] turn 3800/10000 nw=17.48 watchers=4
[2026-07-03T00:02:07.424Z] [LEM-s101-t10000] turn 700/10000 nw=2769.47 watchers=0
[2026-07-03T00:03:36.067Z] [B-s101-t10000] turn 3000/10000 nw=164.35 watchers=4
[2026-07-03T00:04:55.111Z] [A-s101-t10000] turn 3900/10000 nw=17.48 watchers=4
[2026-07-03T00:07:56.210Z] [B-s101-t10000] turn 3100/10000 nw=163.75 watchers=4
[2026-07-03T00:08:19.361Z] [A-s101-t10000] turn 4000/10000 nw=17.48 watchers=4
[2026-07-03T00:11:44.956Z] [A-s101-t10000] turn 4100/10000 nw=17.48 watchers=4
[2026-07-03T00:12:18.692Z] [B-s101-t10000] turn 3200/10000 nw=172.98 watchers=4
[2026-07-03T00:15:09.717Z] [A-s101-t10000] turn 4200/10000 nw=17.48 watchers=4
[2026-07-03T00:16:13.686Z] [LEM-s101-t10000] turn 800/10000 nw=2768.63 watchers=0
[2026-07-03T00:16:50.751Z] [B-s101-t10000] turn 3300/10000 nw=173.78 watchers=4
[2026-07-03T00:18:56.901Z] [A-s101-t10000] turn 4300/10000 nw=17.48 watchers=4
[2026-07-03T00:21:33.826Z] [B-s101-t10000] turn 3400/10000 nw=164.59 watchers=4
[2026-07-03T00:22:38.478Z] [A-s101-t10000] turn 4400/10000 nw=17.48 watchers=4
[2026-07-03T00:26:09.062Z] [A-s101-t10000] turn 4500/10000 nw=17.48 watchers=4
[2026-07-03T00:26:16.157Z] [B-s101-t10000] turn 3500/10000 nw=165.09 watchers=4
[2026-07-03T00:28:50.237Z] [LEM-s101-t10000] turn 900/10000 nw=2768.63 watchers=0
[2026-07-03T00:29:45.629Z] [A-s101-t10000] turn 4600/10000 nw=17.48 watchers=4
[2026-07-03T00:30:45.027Z] [B-s101-t10000] turn 3600/10000 nw=173.22 watchers=4
[2026-07-03T00:33:15.051Z] [A-s101-t10000] turn 4700/10000 nw=17.48 watchers=4
[2026-07-03T00:35:19.112Z] [B-s101-t10000] turn 3700/10000 nw=165.91 watchers=4
[2026-07-03T00:36:29.444Z] [A-s101-t10000] turn 4800/10000 nw=17.48 watchers=4
[2026-07-03T00:39:56.116Z] [B-s101-t10000] turn 3800/10000 nw=163.16 watchers=4
[2026-07-03T00:40:03.035Z] [A-s101-t10000] turn 4900/10000 nw=17.48 watchers=4
[2026-07-03T00:40:19.812Z] [LEM-s101-t10000] turn 1000/10000 nw=2768.63 watchers=0
[2026-07-03T00:43:30.512Z] [A-s101-t10000] turn 5000/10000 nw=17.48 watchers=4
[2026-07-03T00:44:16.442Z] [B-s101-t10000] turn 3900/10000 nw=166.15 watchers=4
[2026-07-03T00:46:58.527Z] [A-s101-t10000] turn 5100/10000 nw=17.48 watchers=4
[2026-07-03T00:48:30.685Z] [B-s101-t10000] turn 4000/10000 nw=169.32 watchers=4
[2026-07-03T00:50:23.845Z] [A-s101-t10000] turn 5200/10000 nw=17.48 watchers=4
[2026-07-03T00:51:49.021Z] [LEM-s101-t10000] turn 1100/10000 nw=2759.73 watchers=0
[2026-07-03T00:52:57.173Z] [B-s101-t10000] turn 4100/10000 nw=168.49 watchers=4
[2026-07-03T00:53:54.579Z] [A-s101-t10000] turn 5300/10000 nw=17.48 watchers=4
[2026-07-03T00:57:08.523Z] [B-s101-t10000] turn 4200/10000 nw=163.83 watchers=4
[2026-07-03T00:57:18.663Z] [A-s101-t10000] turn 5400/10000 nw=17.48 watchers=4
[2026-07-03T01:00:37.680Z] [A-s101-t10000] turn 5500/10000 nw=17.48 watchers=4
[2026-07-03T01:01:20.818Z] [B-s101-t10000] turn 4300/10000 nw=162.07 watchers=4
[2026-07-03T01:02:47.869Z] [LEM-s101-t10000] turn 1200/10000 nw=2758.98 watchers=0
[2026-07-03T01:04:01.203Z] [A-s101-t10000] turn 5600/10000 nw=17.48 watchers=4
[2026-07-03T01:05:54.368Z] [B-s101-t10000] turn 4400/10000 nw=167.15 watchers=4
[2026-07-03T01:07:23.662Z] [A-s101-t10000] turn 5700/10000 nw=17.48 watchers=4
[2026-07-03T01:10:20.075Z] [B-s101-t10000] turn 4500/10000 nw=170.16 watchers=4
[2026-07-03T01:10:49.118Z] [A-s101-t10000] turn 5800/10000 nw=17.48 watchers=4
[2026-07-03T01:14:21.591Z] [A-s101-t10000] turn 5900/10000 nw=18.17 watchers=4
[2026-07-03T01:14:37.063Z] [B-s101-t10000] turn 4600/10000 nw=164.49 watchers=4
[2026-07-03T01:14:44.774Z] [LEM-s101-t10000] turn 1300/10000 nw=2753.39 watchers=0
[2026-07-03T01:17:59.332Z] [A-s101-t10000] turn 6000/10000 nw=17.49 watchers=4
[2026-07-03T01:19:01.897Z] [B-s101-t10000] turn 4700/10000 nw=162.8 watchers=4
[2026-07-03T01:22:03.033Z] [A-s101-t10000] turn 6100/10000 nw=17.23 watchers=4
[2026-07-03T01:24:04.973Z] [B-s101-t10000] turn 4800/10000 nw=162.77 watchers=4
[2026-07-03T01:25:51.551Z] [A-s101-t10000] turn 6200/10000 nw=17.23 watchers=4

=== BATTERY COMPLETE ===
FAILED LEM-s101: callLLM failed after 6 attempts: fetch failed
FAILED B-s101: callLLM failed after 6 attempts: fetch failed
FAILED A-s101: callLLM failed after 6 attempts: fetch failed
