config: {"arms":["LEM","B","A"],"turns":10000,"seeds":[101],"trigger":2001,"concurrency":3,"label":""}
purity probe clean (harness prefix ~49 tok)
[2026-07-03T18:21:30.978Z] [LEM-s101-t10000] resumed at turn 1350
[2026-07-03T18:21:31.078Z] [B-s101-t10000] resumed at turn 4850
[2026-07-03T18:21:31.131Z] [A-s101-t10000] resumed at turn 6250
[2026-07-03T18:23:14.482Z] [A-s101-t10000] turn 6300/10000 nw=17.23 watchers=4
[2026-07-03T18:23:43.920Z] [B-s101-t10000] turn 4900/10000 nw=165.33 watchers=4
[2026-07-03T18:26:47.730Z] [A-s101-t10000] turn 6400/10000 nw=17.23 watchers=4
[2026-07-03T18:27:59.482Z] [B-s101-t10000] turn 5000/10000 nw=171.82 watchers=4
[2026-07-03T18:29:17.952Z] [LEM-s101-t10000] turn 1400/10000 nw=2737.13 watchers=0
[2026-07-03T18:30:13.681Z] [A-s101-t10000] turn 6500/10000 nw=17.23 watchers=4
[2026-07-03T18:32:26.755Z] [B-s101-t10000] turn 5100/10000 nw=169.68 watchers=4
[2026-07-03T18:33:42.033Z] [A-s101-t10000] turn 6600/10000 nw=17.23 watchers=4
[2026-07-03T18:36:47.683Z] [B-s101-t10000] turn 5200/10000 nw=172.08 watchers=4
[2026-07-03T18:37:15.246Z] [A-s101-t10000] turn 6700/10000 nw=17.23 watchers=4
[2026-07-03T18:40:35.817Z] [A-s101-t10000] turn 6800/10000 nw=17.23 watchers=4
[2026-07-03T18:41:17.260Z] [B-s101-t10000] turn 5300/10000 nw=164.63 watchers=4
[2026-07-03T18:42:33.758Z] [LEM-s101-t10000] turn 1500/10000 nw=2737.13 watchers=0
[2026-07-03T18:44:13.997Z] [A-s101-t10000] turn 6900/10000 nw=17.23 watchers=4
[2026-07-03T18:45:43.769Z] [B-s101-t10000] turn 5400/10000 nw=167.31 watchers=4
[2026-07-03T18:47:42.085Z] [A-s101-t10000] turn 7000/10000 nw=17.23 watchers=4
[2026-07-03T18:50:18.241Z] [B-s101-t10000] turn 5500/10000 nw=176.27 watchers=4
[2026-07-03T18:51:03.109Z] [A-s101-t10000] turn 7100/10000 nw=17.23 watchers=4
[2026-07-03T18:53:34.504Z] [LEM-s101-t10000] turn 1600/10000 nw=2737.13 watchers=0
[2026-07-03T18:54:39.911Z] [A-s101-t10000] turn 7200/10000 nw=17.23 watchers=4
[2026-07-03T18:54:57.671Z] [B-s101-t10000] turn 5600/10000 nw=174.54 watchers=4
[2026-07-03T18:58:16.125Z] [A-s101-t10000] turn 7300/10000 nw=17.23 watchers=4
[2026-07-03T18:59:38.897Z] [B-s101-t10000] turn 5700/10000 nw=164.79 watchers=4
[2026-07-03T19:01:51.991Z] [A-s101-t10000] turn 7400/10000 nw=17.23 watchers=4
[2026-07-03T19:04:12.623Z] [B-s101-t10000] turn 5800/10000 nw=165.01 watchers=4
[2026-07-03T19:04:59.839Z] [LEM-s101-t10000] turn 1700/10000 nw=2737.13 watchers=0
[2026-07-03T19:05:21.263Z] [A-s101-t10000] turn 7500/10000 nw=17.23 watchers=4
[2026-07-03T19:08:49.446Z] [A-s101-t10000] turn 7600/10000 nw=17.23 watchers=4
[2026-07-03T19:08:59.530Z] [B-s101-t10000] turn 5900/10000 nw=169.1 watchers=4
[2026-07-03T19:12:21.368Z] [A-s101-t10000] turn 7700/10000 nw=17.23 watchers=4
[2026-07-03T19:13:31.418Z] [B-s101-t10000] turn 6000/10000 nw=171.76 watchers=4
[2026-07-03T19:14:23.400Z] [LEM-s101-t10000] turn 1800/10000 nw=2737.13 watchers=0
[2026-07-03T19:15:59.544Z] [A-s101-t10000] turn 7800/10000 nw=17.23 watchers=4
[2026-07-03T19:18:08.324Z] [B-s101-t10000] turn 6100/10000 nw=169.64 watchers=4
[2026-07-03T19:19:22.990Z] [A-s101-t10000] turn 7900/10000 nw=17.23 watchers=4
[2026-07-03T19:22:45.664Z] [B-s101-t10000] turn 6200/10000 nw=166.04 watchers=4
[2026-07-03T19:22:56.104Z] [A-s101-t10000] turn 8000/10000 nw=17.23 watchers=4
[2026-07-03T19:24:37.898Z] [LEM-s101-t10000] turn 1900/10000 nw=2737.13 watchers=0
[2026-07-03T19:26:24.690Z] [A-s101-t10000] turn 8100/10000 nw=17.23 watchers=4
[2026-07-03T19:27:11.366Z] [B-s101-t10000] turn 6300/10000 nw=164.08 watchers=4
[2026-07-03T19:29:50.911Z] [A-s101-t10000] turn 8200/10000 nw=17.23 watchers=4
[2026-07-03T19:31:42.736Z] [B-s101-t10000] turn 6400/10000 nw=167.11 watchers=4
[2026-07-03T19:33:25.418Z] [A-s101-t10000] turn 8300/10000 nw=17.23 watchers=4
[2026-07-03T19:34:13.906Z] [LEM-s101-t10000] turn 2000/10000 nw=2737.13 watchers=0
[2026-07-03T19:36:12.976Z] [B-s101-t10000] turn 6500/10000 nw=174.17 watchers=4
[2026-07-03T19:36:54.597Z] [A-s101-t10000] turn 8400/10000 nw=17.23 watchers=4
[2026-07-03T19:40:24.598Z] [A-s101-t10000] turn 8500/10000 nw=17.23 watchers=4
[2026-07-03T19:40:53.384Z] [B-s101-t10000] turn 6600/10000 nw=169.06 watchers=4
[2026-07-03T19:42:46.506Z] [LEM-s101-t10000] turn 2100/10000 nw=2737.13 watchers=4
[2026-07-03T19:44:01.722Z] [A-s101-t10000] turn 8600/10000 nw=17.23 watchers=4
[2026-07-03T19:45:27.703Z] [B-s101-t10000] turn 6700/10000 nw=164.94 watchers=4
[2026-07-03T19:47:29.251Z] [A-s101-t10000] turn 8700/10000 nw=17.23 watchers=4
[2026-07-03T19:50:10.852Z] [B-s101-t10000] turn 6800/10000 nw=165.42 watchers=4
[2026-07-03T19:50:58.757Z] [A-s101-t10000] turn 8800/10000 nw=17.23 watchers=4
[2026-07-03T19:52:02.441Z] [LEM-s101-t10000] turn 2200/10000 nw=2737.13 watchers=4
[2026-07-03T19:54:29.978Z] [A-s101-t10000] turn 8900/10000 nw=17.23 watchers=4
[2026-07-03T19:54:49.374Z] [B-s101-t10000] turn 6900/10000 nw=171.4 watchers=4
[2026-07-03T19:58:03.357Z] [A-s101-t10000] turn 9000/10000 nw=17.23 watchers=4
[2026-07-03T19:59:22.447Z] [B-s101-t10000] turn 7000/10000 nw=164.43 watchers=4
[2026-07-03T20:00:28.117Z] [LEM-s101-t10000] turn 2300/10000 nw=2737.13 watchers=4
[2026-07-03T20:01:41.624Z] [A-s101-t10000] turn 9100/10000 nw=17.23 watchers=4
[2026-07-03T20:04:14.642Z] [B-s101-t10000] turn 7100/10000 nw=167.42 watchers=4
[2026-07-03T20:05:23.905Z] [A-s101-t10000] turn 9200/10000 nw=17.23 watchers=4
[2026-07-03T20:08:54.980Z] [B-s101-t10000] turn 7200/10000 nw=170.82 watchers=4
[2026-07-03T20:08:58.106Z] [A-s101-t10000] turn 9300/10000 nw=17.23 watchers=4
[2026-07-03T20:09:08.062Z] [LEM-s101-t10000] turn 2400/10000 nw=2737.13 watchers=4
[2026-07-03T20:12:25.950Z] [A-s101-t10000] turn 9400/10000 nw=17.23 watchers=4
[2026-07-03T20:13:21.577Z] [B-s101-t10000] turn 7300/10000 nw=170.86 watchers=4
[2026-07-03T20:15:55.649Z] [A-s101-t10000] turn 9500/10000 nw=17.23 watchers=4
[2026-07-03T20:17:17.496Z] [LEM-s101-t10000] turn 2500/10000 nw=2737.13 watchers=4
[2026-07-03T20:17:49.087Z] [B-s101-t10000] turn 7400/10000 nw=166.22 watchers=4
[2026-07-03T20:19:36.250Z] [A-s101-t10000] turn 9600/10000 nw=17.23 watchers=4
[2026-07-03T20:22:32.300Z] [B-s101-t10000] turn 7500/10000 nw=164.61 watchers=4
[2026-07-03T20:23:13.027Z] [A-s101-t10000] turn 9700/10000 nw=17.23 watchers=4
[2026-07-03T20:27:03.122Z] [B-s101-t10000] turn 7600/10000 nw=166.25 watchers=4
[2026-07-03T20:27:21.779Z] [A-s101-t10000] turn 9800/10000 nw=17.23 watchers=4
[2026-07-03T20:27:51.237Z] [LEM-s101-t10000] turn 2600/10000 nw=2737.13 watchers=4
[2026-07-03T20:30:58.867Z] [A-s101-t10000] turn 9900/10000 nw=17.23 watchers=4
[2026-07-03T20:31:29.365Z] [B-s101-t10000] turn 7700/10000 nw=166.94 watchers=4
[2026-07-03T20:34:22.510Z] [A-s101-t10000] turn 10000/10000 nw=17.23 watchers=4
[2026-07-03T20:34:22.511Z] [A-s101-t10000] DONE score=-1551
[2026-07-03T20:35:56.019Z] [B-s101-t10000] turn 7800/10000 nw=170.81 watchers=4
[2026-07-03T20:40:25.828Z] [B-s101-t10000] turn 7900/10000 nw=167.18 watchers=4
[2026-07-03T20:40:51.562Z] [LEM-s101-t10000] turn 2700/10000 nw=2701.78 watchers=4
[2026-07-03T20:45:20.897Z] [B-s101-t10000] turn 8000/10000 nw=164.73 watchers=4
[2026-07-03T20:49:45.762Z] [B-s101-t10000] turn 8100/10000 nw=169.27 watchers=4
[2026-07-03T20:54:17.271Z] [B-s101-t10000] turn 8200/10000 nw=171.01 watchers=4
[2026-07-03T20:56:16.126Z] [LEM-s101-t10000] turn 2800/10000 nw=2684.56 watchers=0
[2026-07-03T20:58:39.197Z] [B-s101-t10000] turn 8300/10000 nw=170.82 watchers=4
[2026-07-03T21:03:10.475Z] [B-s101-t10000] turn 8400/10000 nw=163.1 watchers=4
[2026-07-03T21:07:50.688Z] [B-s101-t10000] turn 8500/10000 nw=168.99 watchers=4
[2026-07-03T21:12:19.877Z] [B-s101-t10000] turn 8600/10000 nw=172.04 watchers=4
[2026-07-03T23:10:57.002Z] [B-s101-t10000] turn 8700/10000 nw=164.24 watchers=4
[2026-07-03T23:12:33.848Z] [LEM-s101-t10000] turn 2900/10000 nw=2583.99 watchers=4
[2026-07-03T23:15:29.048Z] [B-s101-t10000] turn 8800/10000 nw=162.87 watchers=4
[2026-07-03T23:19:58.193Z] [B-s101-t10000] turn 8900/10000 nw=167.99 watchers=4
[2026-07-03T23:24:26.226Z] [B-s101-t10000] turn 9000/10000 nw=173.57 watchers=4
[2026-07-03T23:29:05.088Z] [B-s101-t10000] turn 9100/10000 nw=172.5 watchers=4
[2026-07-03T23:32:16.253Z] [LEM-s101-t10000] turn 3000/10000 nw=2576.9 watchers=4
[2026-07-03T23:33:30.142Z] [B-s101-t10000] turn 9200/10000 nw=163.32 watchers=4
[2026-07-03T23:46:44.379Z] [B-s101-t10000] turn 9300/10000 nw=165.26 watchers=4
[2026-07-03T23:50:54.484Z] [B-s101-t10000] turn 9400/10000 nw=170.68 watchers=4
[2026-07-03T23:55:15.578Z] [B-s101-t10000] turn 9500/10000 nw=166.74 watchers=4
[2026-07-03T23:59:28.277Z] [B-s101-t10000] turn 9600/10000 nw=163.95 watchers=4
[2026-07-03T23:59:48.412Z] [LEM-s101-t10000] turn 3100/10000 nw=2578.86 watchers=4
[2026-07-04T00:03:49.823Z] [B-s101-t10000] turn 9700/10000 nw=166.29 watchers=4
[2026-07-04T00:08:22.208Z] [B-s101-t10000] turn 9800/10000 nw=172.57 watchers=4
[2026-07-04T00:11:14.062Z] [LEM-s101-t10000] turn 3200/10000 nw=2578.86 watchers=4
[2026-07-04T00:12:58.863Z] [B-s101-t10000] turn 9900/10000 nw=172.08 watchers=4
[2026-07-04T00:17:26.037Z] [B-s101-t10000] turn 10000/10000 nw=171.96 watchers=4
[2026-07-04T00:17:26.039Z] [B-s101-t10000] DONE score=-1344
[2026-07-04T00:21:01.335Z] [LEM-s101-t10000] turn 3300/10000 nw=2577.75 watchers=4
[2026-07-04T00:29:52.564Z] [LEM-s101-t10000] turn 3400/10000 nw=2577.75 watchers=4
[2026-07-04T00:37:23.467Z] [LEM-s101-t10000] turn 3500/10000 nw=2577.75 watchers=4
[2026-07-04T00:44:23.550Z] [LEM-s101-t10000] turn 3600/10000 nw=2577.75 watchers=4
[2026-07-04T00:51:34.005Z] [LEM-s101-t10000] turn 3700/10000 nw=2577.75 watchers=4
[2026-07-04T00:58:22.321Z] [LEM-s101-t10000] turn 3800/10000 nw=2577.75 watchers=4
[2026-07-04T01:05:55.855Z] [LEM-s101-t10000] turn 3900/10000 nw=2577.75 watchers=4
[2026-07-04T01:13:04.670Z] [LEM-s101-t10000] turn 4000/10000 nw=2577.75 watchers=4
[2026-07-04T01:20:20.175Z] [LEM-s101-t10000] turn 4100/10000 nw=2577.75 watchers=4
[2026-07-04T01:32:35.626Z] [LEM-s101-t10000] turn 4200/10000 nw=2572.31 watchers=4
[2026-07-04T01:48:42.060Z] [LEM-s101-t10000] turn 4300/10000 nw=2547.41 watchers=4
[keeper] refreshing oauth token
[keeper] refreshing oauth token
[keeper] refreshing oauth token
[2026-07-04T02:06:57.040Z] [LEM-s101-t10000] turn 4400/10000 nw=2536.19 watchers=4
[keeper] refreshing oauth token
[2026-07-04T02:19:09.307Z] [LEM-s101-t10000] turn 4500/10000 nw=2394.62 watchers=4
[2026-07-04T02:29:52.288Z] [LEM-s101-t10000] turn 4600/10000 nw=2329.35 watchers=0
[2026-07-04T02:40:12.686Z] [LEM-s101-t10000] turn 4700/10000 nw=2217.36 watchers=0
[2026-07-04T02:50:08.375Z] [LEM-s101-t10000] turn 4800/10000 nw=2168.35 watchers=4
[2026-07-04T03:00:12.274Z] [LEM-s101-t10000] turn 4900/10000 nw=2101.78 watchers=4
[2026-07-04T03:09:59.399Z] [LEM-s101-t10000] turn 5000/10000 nw=2124.04 watchers=4
[2026-07-04T03:18:49.929Z] [LEM-s101-t10000] turn 5100/10000 nw=2126.61 watchers=4
[2026-07-04T03:29:04.964Z] [LEM-s101-t10000] turn 5200/10000 nw=2085.97 watchers=4
[2026-07-04T03:38:49.186Z] [LEM-s101-t10000] turn 5300/10000 nw=2124.08 watchers=4
[2026-07-04T03:48:09.936Z] [LEM-s101-t10000] turn 5400/10000 nw=2022.91 watchers=4
[2026-07-04T03:58:36.852Z] [LEM-s101-t10000] turn 5500/10000 nw=2022.91 watchers=4
[2026-07-04T04:09:01.208Z] [LEM-s101-t10000] turn 5600/10000 nw=2019.28 watchers=4
[2026-07-04T04:19:11.917Z] [LEM-s101-t10000] turn 5700/10000 nw=2014.06 watchers=0
[2026-07-04T04:33:28.204Z] [LEM-s101-t10000] turn 5800/10000 nw=2000.57 watchers=0
[2026-07-04T04:48:39.882Z] [LEM-s101-t10000] turn 5900/10000 nw=1961.27 watchers=4
[2026-07-04T05:01:03.783Z] [LEM-s101-t10000] turn 6000/10000 nw=1955.34 watchers=4
[2026-07-04T05:17:56.568Z] [LEM-s101-t10000] turn 6100/10000 nw=1739.29 watchers=4
[2026-07-04T05:39:17.774Z] [LEM-s101-t10000] turn 6200/10000 nw=1720.27 watchers=4
[2026-07-04T05:53:30.688Z] [LEM-s101-t10000] turn 6300/10000 nw=1720.27 watchers=4
[2026-07-04T06:12:06.349Z] [LEM-s101-t10000] turn 6400/10000 nw=1548.08 watchers=4
[2026-07-04T06:30:31.082Z] [LEM-s101-t10000] turn 6500/10000 nw=1532.57 watchers=4
[2026-07-04T06:42:34.011Z] [LEM-s101-t10000] turn 6600/10000 nw=1532.57 watchers=4
[2026-07-04T06:54:40.581Z] [LEM-s101-t10000] turn 6700/10000 nw=1516.18 watchers=4
[2026-07-04T07:06:40.712Z] [LEM-s101-t10000] turn 6800/10000 nw=1516.18 watchers=4
[2026-07-04T07:20:53.269Z] [LEM-s101-t10000] turn 6900/10000 nw=1393.98 watchers=0
[2026-07-04T07:32:15.418Z] [LEM-s101-t10000] turn 7000/10000 nw=1393.4 watchers=4
[2026-07-04T07:47:58.503Z] [LEM-s101-t10000] turn 7100/10000 nw=1376.11 watchers=4
[2026-07-04T08:00:08.140Z] [LEM-s101-t10000] turn 7200/10000 nw=1338.48 watchers=4
[2026-07-04T08:10:41.670Z] [LEM-s101-t10000] turn 7300/10000 nw=1309.41 watchers=4
[2026-07-04T08:20:25.385Z] [LEM-s101-t10000] turn 7400/10000 nw=1272.15 watchers=4
[2026-07-04T08:30:39.282Z] [LEM-s101-t10000] turn 7500/10000 nw=1213.11 watchers=4
[2026-07-04T08:44:46.531Z] [LEM-s101-t10000] turn 7600/10000 nw=1178.94 watchers=4
[2026-07-04T09:02:33.248Z] [LEM-s101-t10000] turn 7700/10000 nw=801.53 watchers=4
[2026-07-04T09:18:31.002Z] [LEM-s101-t10000] turn 7800/10000 nw=781.19 watchers=4
[2026-07-04T09:29:07.371Z] [LEM-s101-t10000] turn 7900/10000 nw=757.03 watchers=4
[2026-07-04T09:40:03.118Z] [LEM-s101-t10000] turn 8000/10000 nw=749.63 watchers=4
[2026-07-04T09:51:17.845Z] [LEM-s101-t10000] turn 8100/10000 nw=702.22 watchers=4
[keeper] refreshing oauth token
[keeper] refreshing oauth token
[2026-07-04T10:04:18.829Z] [LEM-s101-t10000] turn 8200/10000 nw=677.3 watchers=0
[keeper] refreshing oauth token
[2026-07-04T10:18:54.238Z] [LEM-s101-t10000] turn 8300/10000 nw=652.66 watchers=0
[2026-07-04T10:30:47.784Z] [LEM-s101-t10000] turn 8400/10000 nw=652.66 watchers=0
[2026-07-04T10:40:32.095Z] [LEM-s101-t10000] turn 8500/10000 nw=652.66 watchers=0
[2026-07-04T10:48:51.118Z] [LEM-s101-t10000] turn 8600/10000 nw=652.66 watchers=0
[2026-07-04T11:02:28.678Z] [LEM-s101-t10000] turn 8700/10000 nw=590.55 watchers=0
[2026-07-04T11:22:29.620Z] [LEM-s101-t10000] turn 8800/10000 nw=494.93 watchers=0
[2026-07-04T11:42:27.629Z] [LEM-s101-t10000] turn 8900/10000 nw=529.15 watchers=0
[2026-07-04T11:58:08.762Z] [LEM-s101-t10000] turn 9000/10000 nw=446.16 watchers=0
[2026-07-04T12:11:56.495Z] [LEM-s101-t10000] turn 9100/10000 nw=438.25 watchers=0
[2026-07-04T12:22:32.531Z] [LEM-s101-t10000] turn 9200/10000 nw=461.46 watchers=0
[2026-07-04T12:31:47.797Z] [LEM-s101-t10000] turn 9300/10000 nw=428.83 watchers=0
[2026-07-04T12:40:36.382Z] [LEM-s101-t10000] turn 9400/10000 nw=417.37 watchers=0
[2026-07-04T12:48:53.195Z] [LEM-s101-t10000] turn 9500/10000 nw=450.47 watchers=0
[2026-07-04T12:56:53.314Z] [LEM-s101-t10000] turn 9600/10000 nw=474.67 watchers=0
[2026-07-04T13:05:28.882Z] [LEM-s101-t10000] turn 9700/10000 nw=444.19 watchers=0
[2026-07-04T13:18:19.617Z] [LEM-s101-t10000] turn 9800/10000 nw=452.15 watchers=0
[2026-07-04T13:31:35.214Z] [LEM-s101-t10000] turn 9900/10000 nw=481.11 watchers=0
[2026-07-04T13:45:24.777Z] [LEM-s101-t10000] turn 10000/10000 nw=469.21 watchers=0
[2026-07-04T13:45:24.779Z] [LEM-s101-t10000] DONE score=-906

=== BATTERY COMPLETE ===
A-s101-t10000: score=-1551 nw=17 dd=3136
B-s101-t10000: score=-1344 nw=172 dd=3032
LEM-s101-t10000: score=-906 nw=469 dd=2750
